2022-04-30 00:22:17,166 [INFO] myApp: <User 'ec362@njit.edu'>
2022-04-30 00:24:30,367 [INFO] myApp: <User 'ec362@njit.edu'>
2022-04-30 00:29:04,707 [INFO] myApp: None
2022-04-30 00:32:37,529 [INFO] myApp: <User 'bobgale@gmail.com'>
2022-04-30 00:33:24,492 [INFO] myApp: <User 'bobgale@gmail.com'>
2022-04-30 05:46:35,606 [INFO] myApp: <User 'bobgale@gmail.com'>
2022-04-30 06:23:05,569 [INFO] myApp: <User 'bobgale@gmail.com'>
2022-04-30 06:23:47,375 [INFO] myApp: <User 'bobgale@gmail.com'>
2022-04-30 02:33:38,977 [INFO] myApp: <User 'bobgale@gmail.com'>
2022-04-30 17:34:15,402 [INFO] myApp: <User 'bobgale@gmail.com'>
2022-04-30 17:42:24,690 [INFO] myApp: <User 'bobgale@gmail.com'>
2022-04-30 17:45:45,128 [INFO] myApp: <User 'echiobi@gmail.com'>
2022-04-30 17:46:46,505 [INFO] myApp: <User 'echiobi@gmail.com'>
2022-04-30 17:47:46,924 [INFO] myApp: <User 'echiobi2@gmail.com'>
2022-04-30 17:50:30,684 [INFO] myApp: <User 'keith@webizly.com'>
2022-04-30 17:56:18,136 [INFO] myApp: <User 'keith@webizly.com'>
2022-04-30 17:59:13,247 [INFO] myApp: <User 'keith@webizly.com'>
2022-04-30 18:02:45,660 [INFO] myApp: <User 'keith@webizly.com'>
2022-04-30 18:23:13,201 [INFO] myApp: <User 'keith@webizly.com'>
2022-05-04 16:52:31,849 [INFO] myApp: <User 'keith@webizly.com'>
